TN:
SF:playwright_ui/coverage_gate.ts
FN:3,clampPercent
FN:13,canonicalRoute
FN:24,shouldExecuteFlow
FNF:3
FNH:3
FNDA:3,clampPercent
FNDA:3,canonicalRoute
FNDA:4,shouldExecuteFlow
DA:1,1
DA:2,1
DA:3,1
DA:4,3
DA:5,1
DA:6,1
DA:7,3
DA:8,1
DA:9,1
DA:10,1
DA:11,1
DA:12,1
DA:13,1
DA:14,3
DA:15,3
DA:16,1
DA:17,1
DA:18,3
DA:19,1
DA:20,1
DA:21,1
DA:22,1
DA:23,1
DA:24,1
DA:25,4
DA:26,4
DA:27,4
DA:28,4
DA:29,4
DA:30,1
DA:31,1
DA:32,4
DA:33,2
DA:34,2
DA:35,1
DA:36,1
LF:36
LH:36
BRDA:3,0,0,3
BRDA:4,1,0,1
BRDA:6,2,0,2
BRDA:7,3,0,1
BRDA:13,4,0,3
BRDA:15,5,0,1
BRDA:17,6,0,2
BRDA:18,7,0,1
BRDA:24,8,0,4
BRDA:29,9,0,1
BRDA:31,10,0,3
BRDA:32,11,0,2
BRDA:34,12,0,1
BRF:13
BRH:13
end_of_record
